@0 GITREV=9382352f0d2a12a202865fc1981160b16bd0666f, GITCLEAN=1
@0 Create from elfs
@0 dimX=23, dimY=18
@0 Reading ELF file out/generated/default.elf
@0 Reading ELF file out/generated/coord.elf
@0 Reading ELF file out/bin/out_133_0.elf
@0 Reading ELF file out/bin/out_7_0.elf
@0 Reading ELF file out/bin/out_123_0.elf
@0 Reading ELF file out/bin/out_69_0.elf
@0 Reading ELF file out/bin/out_38_0.elf
@0 Reading ELF file out/bin/out_195_0.elf
@0 Reading ELF file out/bin/out_100_0.elf
@0 Reading ELF file out/bin/out_175_0.elf
@0 Reading ELF file out/bin/out_141_0.elf
@0 Reading ELF file out/bin/out_117_0.elf
@0 Reading ELF file out/bin/out_192_0.elf
@0 Reading ELF file out/bin/out_84_0.elf
@0 Reading ELF file out/bin/out_138_0.elf
@0 Reading ELF file out/bin/out_167_0.elf
@0 Reading ELF file out/bin/out_108_0.elf
@0 Reading ELF file out/bin/out_35_0.elf
@0 Reading ELF file out/bin/out_187_0.elf
@0 Reading ELF file out/bin/out_9_0.elf
@0 Reading ELF file out/bin/out_63_0.elf
@0 Reading ELF file out/bin/out_152_0.elf
@0 Reading ELF file out/bin/out_68_0.elf
@0 Reading ELF file out/bin/out_149_0.elf
@0 Reading ELF file out/bin/out_45_0.elf
@0 Reading ELF file out/bin/out_145_0.elf
@0 Reading ELF file out/bin/out_185_0.elf
@0 Reading ELF file out/bin/out_6_0.elf
@0 Reading ELF file out/bin/out_140_0.elf
@0 Reading ELF file out/bin/out_39_0.elf
@0 Reading ELF file out/bin/out_88_0.elf
@0 Reading ELF file out/bin/out_62_0.elf
@0 Reading ELF file out/bin/out_177_0.elf
@0 Reading ELF file out/bin/out_71_0.elf
@0 Reading ELF file out/bin/out_184_0.elf
@0 Reading ELF file out/bin/out_178_0.elf
@0 Reading ELF file out/bin/out_83_0.elf
@0 Reading ELF file out/bin/out_96_0.elf
@0 Reading ELF file out/bin/out_121_0.elf
@0 Reading ELF file out/bin/out_16_0.elf
@0 Reading ELF file out/bin/out_143_0.elf
@0 Reading ELF file out/bin/out_94_0.elf
@0 Reading ELF file out/bin/out_173_0.elf
@0 Reading ELF file out/bin/out_181_0.elf
@0 Reading ELF file out/bin/out_157_0.elf
@0 Reading ELF file out/bin/out_162_0.elf
@0 Reading ELF file out/bin/out_21_0.elf
@0 Reading ELF file out/bin/out_183_0.elf
@0 Reading ELF file out/bin/out_0_0.elf
@0 Reading ELF file out/bin/out_153_0.elf
@0 Reading ELF file out/bin/out_134_0.elf
@0 Reading ELF file out/bin/out_156_0.elf
@0 Reading ELF file out/bin/out_19_0.elf
@0 Reading ELF file out/bin/out_20_0.elf
@0 Reading ELF file out/bin/out_174_0.elf
@0 Reading ELF file out/bin/out_51_0.elf
@0 Reading ELF file out/bin/out_170_0.elf
@0 Reading ELF file out/bin/out_32_0.elf
@0 Reading ELF file out/bin/out_1_0.elf
@0 Reading ELF file out/bin/out_18_0.elf
@0 Reading ELF file out/bin/out_130_0.elf
@0 Reading ELF file out/bin/out_104_0.elf
@0 Reading ELF file out/bin/out_135_0.elf
@0 Reading ELF file out/bin/out_171_0.elf
@0 Reading ELF file out/bin/out_106_0.elf
@0 Reading ELF file out/bin/out_22_0.elf
@0 Reading ELF file out/bin/out_4_0.elf
@0 Reading ELF file out/bin/out_182_0.elf
@0 Reading ELF file out/bin/out_161_0.elf
@0 Reading ELF file out/bin/out_17_0.elf
@0 Reading ELF file out/bin/out_73_0.elf
@0 Reading ELF file out/bin/out_112_0.elf
@0 Reading ELF file out/bin/out_77_0.elf
@0 Reading ELF file out/bin/out_103_0.elf
@0 Reading ELF file out/bin/out_180_0.elf
@0 Reading ELF file out/bin/out_166_0.elf
@0 Reading ELF file out/bin/out_107_0.elf
@0 Reading ELF file out/bin/out_31_0.elf
@0 Reading ELF file out/bin/out_59_0.elf
@0 Reading ELF file out/bin/out_56_0.elf
@0 Reading ELF file out/bin/out_186_0.elf
@0 Reading ELF file out/bin/out_114_0.elf
@0 Reading ELF file out/bin/out_14_0.elf
@0 Reading ELF file out/bin/out_172_0.elf
@0 Reading ELF file out/bin/out_131_0.elf
@0 Reading ELF file out/bin/out_119_0.elf
@0 Reading ELF file out/bin/out_115_0.elf
@0 Reading ELF file out/bin/out_72_0.elf
@0 Reading ELF file out/bin/out_163_0.elf
@0 Reading ELF file out/bin/out_85_0.elf
@0 Reading ELF file out/bin/out_43_0.elf
@0 Reading ELF file out/bin/out_92_0.elf
@0 Reading ELF file out/bin/out_46_0.elf
@0 Reading ELF file out/bin/out_28_0.elf
@0 Reading ELF file out/bin/out_26_0.elf
@0 Reading ELF file out/bin/out_139_0.elf
@0 Reading ELF file out/bin/out_44_0.elf
@0 Reading ELF file out/bin/out_66_0.elf
@0 Reading ELF file out/bin/out_75_0.elf
@0 Reading ELF file out/bin/out_142_0.elf
@0 Reading ELF file out/bin/out_165_0.elf
@0 Reading ELF file out/bin/out_159_0.elf
@0 Reading ELF file out/bin/out_98_0.elf
@0 Reading ELF file out/bin/out_105_0.elf
@0 Reading ELF file out/bin/out_87_0.elf
@0 Reading ELF file out/bin/out_70_0.elf
@0 Reading ELF file out/bin/out_90_0.elf
@0 Reading ELF file out/bin/out_3_0.elf
@0 Reading ELF file out/bin/out_102_0.elf
@0 Reading ELF file out/bin/out_78_0.elf
@0 Reading ELF file out/bin/out_42_0.elf
@0 Reading ELF file out/bin/out_8_0.elf
@0 Reading ELF file out/bin/out_164_0.elf
@0 Reading ELF file out/bin/out_47_0.elf
@0 Reading ELF file out/bin/out_37_0.elf
@0 Reading ELF file out/bin/out_144_0.elf
@0 Reading ELF file out/bin/out_150_0.elf
@0 Reading ELF file out/bin/out_93_0.elf
@0 Reading ELF file out/bin/out_147_0.elf
@0 Reading ELF file out/bin/out_15_0.elf
@0 Reading ELF file out/bin/out_129_0.elf
@0 Reading ELF file out/bin/out_11_0.elf
@0 Reading ELF file out/bin/out_65_0.elf
@0 Reading ELF file out/bin/out_176_0.elf
@0 Reading ELF file out/bin/out_109_0.elf
@0 Reading ELF file out/bin/out_74_0.elf
@0 Reading ELF file out/bin/out_53_0.elf
@0 Reading ELF file out/bin/out_79_0.elf
@0 Reading ELF file out/bin/out_60_0.elf
@0 Reading ELF file out/bin/out_136_0.elf
@0 Reading ELF file out/bin/out_99_0.elf
@0 Reading ELF file out/bin/out_34_0.elf
@0 Reading ELF file out/bin/out_113_0.elf
@0 Reading ELF file out/bin/out_125_0.elf
@0 Reading ELF file out/bin/out_48_0.elf
@0 Reading ELF file out/bin/out_67_0.elf
@0 Reading ELF file out/bin/out_191_0.elf
@0 Reading ELF file out/bin/out_151_0.elf
@0 Reading ELF file out/bin/out_2_0.elf
@0 Reading ELF file out/bin/out_80_0.elf
@0 Reading ELF file out/bin/out_189_0.elf
@0 Reading ELF file out/bin/out_23_0.elf
@0 Reading ELF file out/bin/out_89_0.elf
@0 Reading ELF file out/bin/out_5_0.elf
@0 Reading ELF file out/bin/out_95_0.elf
@0 Reading ELF file out/bin/out_55_0.elf
@0 Reading ELF file out/bin/out_36_0.elf
@0 Reading ELF file out/bin/out_50_0.elf
@0 Reading ELF file out/bin/out_101_0.elf
@0 Reading ELF file out/bin/out_27_0.elf
@0 Reading ELF file out/bin/out_111_0.elf
@0 Reading ELF file out/bin/out_128_0.elf
@0 Reading ELF file out/bin/out_10_0.elf
@0 Reading ELF file out/bin/out_57_0.elf
@0 Reading ELF file out/bin/out_61_0.elf
@0 Reading ELF file out/bin/out_13_0.elf
@0 Reading ELF file out/bin/out_158_0.elf
@0 Reading ELF file out/bin/out_54_0.elf
@0 Reading ELF file out/bin/out_91_0.elf
@0 Reading ELF file out/bin/out_137_0.elf
@0 Reading ELF file out/bin/out_82_0.elf
@0 Reading ELF file out/bin/out_146_0.elf
@0 Reading ELF file out/bin/out_190_0.elf
@0 Reading ELF file out/bin/out_116_0.elf
@0 Reading ELF file out/bin/out_29_0.elf
@0 Reading ELF file out/bin/out_58_0.elf
@0 Reading ELF file out/bin/out_33_0.elf
@0 Reading ELF file out/bin/out_110_0.elf
@0 Reading ELF file out/bin/out_86_0.elf
@0 Reading ELF file out/bin/out_188_0.elf
@0 Reading ELF file out/bin/out_64_0.elf
@0 Reading ELF file out/bin/out_52_0.elf
@0 Reading ELF file out/bin/out_40_0.elf
@0 Reading ELF file out/bin/out_81_0.elf
@0 Reading ELF file out/bin/out_120_0.elf
@0 Reading ELF file out/bin/out_25_0.elf
@0 Reading ELF file out/bin/out_194_0.elf
@0 Reading ELF file out/bin/out_127_0.elf
@0 Reading ELF file out/bin/out_76_0.elf
@0 Reading ELF file out/bin/out_179_0.elf
@0 Reading ELF file out/bin/out_126_0.elf
@0 Reading ELF file out/bin/out_169_0.elf
@0 Reading ELF file out/bin/out_132_0.elf
@0 Reading ELF file out/bin/out_118_0.elf
@0 Reading ELF file out/bin/out_49_0.elf
@0 Reading ELF file out/bin/out_30_0.elf
@0 Reading ELF file out/bin/out_122_0.elf
@0 Reading ELF file out/bin/out_24_0.elf
@0 Reading ELF file out/bin/out_155_0.elf
@0 Reading ELF file out/bin/out_124_0.elf
@0 Reading ELF file out/bin/out_160_0.elf
@0 Reading ELF file out/bin/out_12_0.elf
@0 Reading ELF file out/bin/out_97_0.elf
@0 Reading ELF file out/bin/out_148_0.elf
@0 Reading ELF file out/bin/out_154_0.elf
@0 Reading ELF file out/bin/out_193_0.elf
@0 Reading ELF file out/bin/out_168_0.elf
@0 Reading ELF file out/bin/out_41_0.elf
@0 Reading ELF file out/east/bin/out_0_0.elf
@0 Reading ELF file out/east/bin/out_1_0.elf
@0 Reading ELF file out/east/bin/out_4_0.elf
@0 Reading ELF file out/east/bin/out_3_0.elf
@0 Reading ELF file out/east/bin/out_2_0.elf
@0 Reading ELF file out/east/bin/out_5_0.elf
@0 Reading ELF file out/west/bin/out_7_0.elf
@0 Reading ELF file out/west/bin/out_6_0.elf
@0 Reading ELF file out/west/bin/out_0_0.elf
@0 Reading ELF file out/west/bin/out_1_0.elf
@0 Reading ELF file out/west/bin/out_4_0.elf
@0 Reading ELF file out/west/bin/out_3_0.elf
@0 Reading ELF file out/west/bin/out_2_0.elf
@0 Reading ELF file out/west/bin/out_5_0.elf
@0 Reading ELF file out/generated/MEMCPY_XY_ROUTES.elf
@0 Invocation key is: simC4CAF999E87DADAE8685651B1B80B9A6
@0 Plan key is: plan3063613D6B3FA8E7DB0DDCDA394225B3
@0 SimTraceCtf, flags:  wavelets=0 landing=1 inst=1 switch_positions=0 stalls=1
@0 P0.0 (nul) tile trace flag: inst_trace,landing,stalls
@0 P1.0 (nul) tile trace flag: inst_trace,landing,stalls
@0 P2.0 (nul) tile trace flag: inst_trace,landing,stalls
@0 P3.0 (nul) tile trace flag: inst_trace,landing,stalls
@0 P4.0 (nul) tile trace flag: inst_trace,landing,stalls
@0 P5.0 (nul) tile trace flag: inst_trace,landing,stalls
@0 P6.0 (nul) tile trace flag: inst_trace,landing,stalls
@0 P7.0 (nul) tile trace flag: inst_trace,landing,stalls
@0 P8.0 (nul) tile trace flag: inst_trace,landing,stalls
@0 P9.0 (nul) tile trace flag: inst_trace,landing,stalls
@0 P10.0 (nul) tile trace flag: inst_trace,landing,stalls
@0 P11.0 (nul) tile trace flag: inst_trace,landing,stalls
@0 P12.0 (nul) tile trace flag: inst_trace,landing,stalls
@0 P13.0 (nul) tile trace flag: inst_trace,landing,stalls
@0 P14.0 (nul) tile trace flag: inst_trace,landing,stalls
@0 P15.0 (nul) tile trace flag: inst_trace,landing,stalls
@0 P16.0 (nul) tile trace flag: inst_trace,landing,stalls
@0 P17.0 (nul) tile trace flag: inst_trace,landing,stalls
@0 P18.0 (nul) tile trace flag: inst_trace,landing,stalls
@0 P19.0 (nul) tile trace flag: inst_trace,landing,stalls
@0 P20.0 (nul) tile trace flag: inst_trace,landing,stalls
@0 P21.0 (nul) tile trace flag: inst_trace,landing,stalls
@0 P22.0 (nul) tile trace flag: inst_trace,landing,stalls
@0 P0.1 (hwtile) tile trace flag: inst_trace,landing,stalls
@0 P1.1 (hwtile) tile trace flag: inst_trace,landing,stalls
@0 P2.1 (hwtile) tile trace flag: inst_trace,landing,stalls
@0 P3.1 (hwtile) tile trace flag: inst_trace,landing,stalls
@0 P4.1 (hwtile) tile trace flag: inst_trace,landing,stalls
@0 P5.1 (hwtile) tile trace flag: inst_trace,landing,stalls
@0 P6.1 (hwtile) tile trace flag: inst_trace,landing,stalls
@0 P7.1 (hwtile) tile trace flag: inst_trace,landing,stalls
@0 P8.1 (hwtile) tile trace flag: inst_trace,landing,stalls
@0 P9.1 (hwtile) tile trace flag: inst_trace,landing,stalls
@0 P10.1 (hwtile) tile trace flag: inst_trace,landing,stalls
@0 P11.1 (hwtile) tile trace flag: inst_trace,landing,stalls
@0 P12.1 (hwtile) tile trace flag: inst_trace,landing,stalls
@0 P13.1 (hwtile) tile trace flag: inst_trace,landing,stalls
@0 P14.1 (hwtile) tile trace flag: inst_trace,landing,stalls
@0 P15.1 (hwtile) tile trace flag: inst_trace,landing,stalls
@0 P16.1 (hwtile) tile trace flag: inst_trace,landing,stalls
@0 P17.1 (hwtile) tile trace flag: inst_trace,landing,stalls
@0 P18.1 (hwtile) tile trace flag: inst_trace,landing,stalls
@0 P19.1 (hwtile) tile trace flag: inst_trace,landing,stalls
@0 P20.1 (hwtile) tile trace flag: inst_trace,landing,stalls
@0 P21.1 (hwtile) tile trace flag: inst_trace,landing,stalls
@0 P22.1 (nul) tile trace flag: inst_trace,landing,stalls
@0 P0.2 (nul) tile trace flag: inst_trace,landing,stalls
@0 P1.2 (hwtile) tile trace flag: inst_trace,landing,stalls
@0 P2.2 (hwtile) tile trace flag: inst_trace,landing,stalls
@0 P3.2 (hwtile) tile trace flag: inst_trace,landing,stalls
@0 P4.2 (hwtile) tile trace flag: inst_trace,landing,stalls
@0 P5.2 (hwtile) tile trace flag: inst_trace,landing,stalls
@0 P6.2 (hwtile) tile trace flag: inst_trace,landing,stalls
@0 P7.2 (hwtile) tile trace flag: inst_trace,landing,stalls
@0 P8.2 (hwtile) tile trace flag: inst_trace,landing,stalls
@0 P9.2 (hwtile) tile trace flag: inst_trace,landing,stalls
@0 P10.2 (hwtile) tile trace flag: inst_trace,landing,stalls
@0 P11.2 (hwtile) tile trace flag: inst_trace,landing,stalls
@0 P12.2 (hwtile) tile trace flag: inst_trace,landing,stalls
@0 P13.2 (hwtile) tile trace flag: inst_trace,landing,stalls
@0 P14.2 (hwtile) tile trace flag: inst_trace,landing,stalls
@0 P15.2 (hwtile) tile trace flag: inst_trace,landing,stalls
@0 P16.2 (hwtile) tile trace flag: inst_trace,landing,stalls
@0 P17.2 (hwtile) tile trace flag: inst_trace,landing,stalls
@0 P18.2 (hwtile) tile trace flag: inst_trace,landing,stalls
@0 P19.2 (hwtile) tile trace flag: inst_trace,landing,stalls
@0 P20.2 (hwtile) tile trace flag: inst_trace,landing,stalls
@0 P21.2 (hwtile) tile trace flag: inst_trace,landing,stalls
@0 P22.2 (nul) tile trace flag: inst_trace,landing,stalls
@0 P0.3 (nul) tile trace flag: inst_trace,landing,stalls
@0 P1.3 (hwtile) tile trace flag: inst_trace,landing,stalls
@0 P2.3 (hwtile) tile trace flag: inst_trace,landing,stalls
@0 P3.3 (hwtile) tile trace flag: inst_trace,landing,stalls
@0 P4.3 (hwtile) tile trace flag: inst_trace,landing,stalls
@0 P5.3 (hwtile) tile trace flag: inst_trace,landing,stalls
@0 P6.3 (hwtile) tile trace flag: inst_trace,landing,stalls
@0 P7.3 (hwtile) tile trace flag: inst_trace,landing,stalls
@0 P8.3 (hwtile) tile trace flag: inst_trace,landing,stalls
@0 P9.3 (hwtile) tile trace flag: inst_trace,landing,stalls
@0 P10.3 (hwtile) tile trace flag: inst_trace,landing,stalls
@0 P11.3 (hwtile) tile trace flag: inst_trace,landing,stalls
@0 P12.3 (hwtile) tile trace flag: inst_trace,landing,stalls
@0 P13.3 (hwtile) tile trace flag: inst_trace,landing,stalls
@0 P14.3 (hwtile) tile trace flag: inst_trace,landing,stalls
@0 P15.3 (hwtile) tile trace flag: inst_trace,landing,stalls
@0 P16.3 (hwtile) tile trace flag: inst_trace,landing,stalls
@0 P17.3 (hwtile) tile trace flag: inst_trace,landing,stalls
@0 P18.3 (hwtile) tile trace flag: inst_trace,landing,stalls
@0 P19.3 (hwtile) tile trace flag: inst_trace,landing,stalls
@0 P20.3 (hwtile) tile trace flag: inst_trace,landing,stalls
@0 P21.3 (hwtile) tile trace flag: inst_trace,landing,stalls
@0 P22.3 (nul) tile trace flag: inst_trace,landing,stalls
@0 P0.4 (nul) tile trace flag: inst_trace,landing,stalls
@0 P1.4 (hwtile) tile trace flag: inst_trace,landing,stalls
@0 P2.4 (hwtile) tile trace flag: inst_trace,landing,stalls
@0 P3.4 (hwtile) tile trace flag: inst_trace,landing,stalls
@0 P4.4 (hwtile) tile trace flag: inst_trace,landing,stalls
@0 P5.4 (hwtile) tile trace flag: inst_trace,landing,stalls
@0 P6.4 (hwtile) tile trace flag: inst_trace,landing,stalls
@0 P7.4 (hwtile) tile trace flag: inst_trace,landing,stalls
@0 P8.4 (hwtile) tile trace flag: inst_trace,landing,stalls
@0 P9.4 (hwtile) tile trace flag: inst_trace,landing,stalls
@0 P10.4 (hwtile) tile trace flag: inst_trace,landing,stalls
@0 P11.4 (hwtile) tile trace flag: inst_trace,landing,stalls
@0 P12.4 (hwtile) tile trace flag: inst_trace,landing,stalls
@0 P13.4 (hwtile) tile trace flag: inst_trace,landing,stalls
@0 P14.4 (hwtile) tile trace flag: inst_trace,landing,stalls
@0 P15.4 (hwtile) tile trace flag: inst_trace,landing,stalls
@0 P16.4 (hwtile) tile trace flag: inst_trace,landing,stalls
@0 P17.4 (hwtile) tile trace flag: inst_trace,landing,stalls
@0 P18.4 (hwtile) tile trace flag: inst_trace,landing,stalls
@0 P19.4 (hwtile) tile trace flag: inst_trace,landing,stalls
@0 P20.4 (hwtile) tile trace flag: inst_trace,landing,stalls
@0 P21.4 (hwtile) tile trace flag: inst_trace,landing,stalls
@0 P22.4 (nul) tile trace flag: inst_trace,landing,stalls
@0 P0.5 (nul) tile trace flag: inst_trace,landing,stalls
@0 P1.5 (hwtile) tile trace flag: inst_trace,landing,stalls
@0 P2.5 (hwtile) tile trace flag: inst_trace,landing,stalls
@0 P3.5 (hwtile) tile trace flag: inst_trace,landing,stalls
@0 P4.5 (hwtile) tile trace flag: inst_trace,landing,stalls
@0 P5.5 (hwtile) tile trace flag: inst_trace,landing,stalls
@0 P6.5 (hwtile) tile trace flag: inst_trace,landing,stalls
@0 P7.5 (hwtile) tile trace flag: inst_trace,landing,stalls
@0 P8.5 (hwtile) tile trace flag: inst_trace,landing,stalls
@0 P9.5 (hwtile) tile trace flag: inst_trace,landing,stalls
@0 P10.5 (hwtile) tile trace flag: inst_trace,landing,stalls
@0 P11.5 (hwtile) tile trace flag: inst_trace,landing,stalls
@0 P12.5 (hwtile) tile trace flag: inst_trace,landing,stalls
@0 P13.5 (hwtile) tile trace flag: inst_trace,landing,stalls
@0 P14.5 (hwtile) tile trace flag: inst_trace,landing,stalls
@0 P15.5 (hwtile) tile trace flag: inst_trace,landing,stalls
@0 P16.5 (hwtile) tile trace flag: inst_trace,landing,stalls
@0 P17.5 (hwtile) tile trace flag: inst_trace,landing,stalls
@0 P18.5 (hwtile) tile trace flag: inst_trace,landing,stalls
@0 P19.5 (hwtile) tile trace flag: inst_trace,landing,stalls
@0 P20.5 (hwtile) tile trace flag: inst_trace,landing,stalls
@0 P21.5 (hwtile) tile trace flag: inst_trace,landing,stalls
@0 P22.5 (nul) tile trace flag: inst_trace,landing,stalls
@0 P0.6 (nul) tile trace flag: inst_trace,landing,stalls
@0 P1.6 (hwtile) tile trace flag: inst_trace,landing,stalls
@0 P2.6 (hwtile) tile trace flag: inst_trace,landing,stalls
@0 P3.6 (hwtile) tile trace flag: inst_trace,landing,stalls
@0 P4.6 (hwtile) tile trace flag: inst_trace,landing,stalls
@0 P5.6 (hwtile) tile trace flag: inst_trace,landing,stalls
@0 P6.6 (hwtile) tile trace flag: inst_trace,landing,stalls
@0 P7.6 (hwtile) tile trace flag: inst_trace,landing,stalls
@0 P8.6 (hwtile) tile trace flag: inst_trace,landing,stalls
@0 P9.6 (hwtile) tile trace flag: inst_trace,landing,stalls
@0 P10.6 (hwtile) tile trace flag: inst_trace,landing,stalls
@0 P11.6 (hwtile) tile trace flag: inst_trace,landing,stalls
@0 P12.6 (hwtile) tile trace flag: inst_trace,landing,stalls
@0 P13.6 (hwtile) tile trace flag: inst_trace,landing,stalls
@0 P14.6 (hwtile) tile trace flag: inst_trace,landing,stalls
@0 P15.6 (hwtile) tile trace flag: inst_trace,landing,stalls
@0 P16.6 (hwtile) tile trace flag: inst_trace,landing,stalls
@0 P17.6 (hwtile) tile trace flag: inst_trace,landing,stalls
@0 P18.6 (hwtile) tile trace flag: inst_trace,landing,stalls
@0 P19.6 (hwtile) tile trace flag: inst_trace,landing,stalls
@0 P20.6 (hwtile) tile trace flag: inst_trace,landing,stalls
@0 P21.6 (hwtile) tile trace flag: inst_trace,landing,stalls
@0 P22.6 (nul) tile trace flag: inst_trace,landing,stalls
@0 P0.7 (nul) tile trace flag: inst_trace,landing,stalls
@0 P1.7 (hwtile) tile trace flag: inst_trace,landing,stalls
@0 P2.7 (hwtile) tile trace flag: inst_trace,landing,stalls
@0 P3.7 (hwtile) tile trace flag: inst_trace,landing,stalls
@0 P4.7 (hwtile) tile trace flag: inst_trace,landing,stalls
@0 P5.7 (hwtile) tile trace flag: inst_trace,landing,stalls
@0 P6.7 (hwtile) tile trace flag: inst_trace,landing,stalls
@0 P7.7 (hwtile) tile trace flag: inst_trace,landing,stalls
@0 P8.7 (hwtile) tile trace flag: inst_trace,landing,stalls
@0 P9.7 (hwtile) tile trace flag: inst_trace,landing,stalls
@0 P10.7 (hwtile) tile trace flag: inst_trace,landing,stalls
@0 P11.7 (hwtile) tile trace flag: inst_trace,landing,stalls
@0 P12.7 (hwtile) tile trace flag: inst_trace,landing,stalls
@0 P13.7 (hwtile) tile trace flag: inst_trace,landing,stalls
@0 P14.7 (hwtile) tile trace flag: inst_trace,landing,stalls
@0 P15.7 (hwtile) tile trace flag: inst_trace,landing,stalls
@0 P16.7 (hwtile) tile trace flag: inst_trace,landing,stalls
@0 P17.7 (hwtile) tile trace flag: inst_trace,landing,stalls
@0 P18.7 (hwtile) tile trace flag: inst_trace,landing,stalls
@0 P19.7 (hwtile) tile trace flag: inst_trace,landing,stalls
@0 P20.7 (hwtile) tile trace flag: inst_trace,landing,stalls
@0 P21.7 (hwtile) tile trace flag: inst_trace,landing,stalls
@0 P22.7 (nul) tile trace flag: inst_trace,landing,stalls
@0 P0.8 (nul) tile trace flag: inst_trace,landing,stalls
@0 P1.8 (hwtile) tile trace flag: inst_trace,landing,stalls
@0 P2.8 (hwtile) tile trace flag: inst_trace,landing,stalls
@0 P3.8 (hwtile) tile trace flag: inst_trace,landing,stalls
@0 P4.8 (hwtile) tile trace flag: inst_trace,landing,stalls
@0 P5.8 (hwtile) tile trace flag: inst_trace,landing,stalls
@0 P6.8 (hwtile) tile trace flag: inst_trace,landing,stalls
@0 P7.8 (hwtile) tile trace flag: inst_trace,landing,stalls
@0 P8.8 (hwtile) tile trace flag: inst_trace,landing,stalls
@0 P9.8 (hwtile) tile trace flag: inst_trace,landing,stalls
@0 P10.8 (hwtile) tile trace flag: inst_trace,landing,stalls
@0 P11.8 (hwtile) tile trace flag: inst_trace,landing,stalls
@0 P12.8 (hwtile) tile trace flag: inst_trace,landing,stalls
@0 P13.8 (hwtile) tile trace flag: inst_trace,landing,stalls
@0 P14.8 (hwtile) tile trace flag: inst_trace,landing,stalls
@0 P15.8 (hwtile) tile trace flag: inst_trace,landing,stalls
@0 P16.8 (hwtile) tile trace flag: inst_trace,landing,stalls
@0 P17.8 (hwtile) tile trace flag: inst_trace,landing,stalls
@0 P18.8 (hwtile) tile trace flag: inst_trace,landing,stalls
@0 P19.8 (hwtile) tile trace flag: inst_trace,landing,stalls
@0 P20.8 (hwtile) tile trace flag: inst_trace,landing,stalls
@0 P21.8 (hwtile) tile trace flag: inst_trace,landing,stalls
@0 P22.8 (nul) tile trace flag: inst_trace,landing,stalls
@0 P0.9 (nul) tile trace flag: inst_trace,landing,stalls
@0 P1.9 (hwtile) tile trace flag: inst_trace,landing,stalls
@0 P2.9 (hwtile) tile trace flag: inst_trace,landing,stalls
@0 P3.9 (hwtile) tile trace flag: inst_trace,landing,stalls
@0 P4.9 (hwtile) tile trace flag: inst_trace,landing,stalls
@0 P5.9 (hwtile) tile trace flag: inst_trace,landing,stalls
@0 P6.9 (hwtile) tile trace flag: inst_trace,landing,stalls
@0 P7.9 (hwtile) tile trace flag: inst_trace,landing,stalls
@0 P8.9 (hwtile) tile trace flag: inst_trace,landing,stalls
@0 P9.9 (hwtile) tile trace flag: inst_trace,landing,stalls
@0 P10.9 (hwtile) tile trace flag: inst_trace,landing,stalls
@0 P11.9 (hwtile) tile trace flag: inst_trace,landing,stalls
@0 P12.9 (hwtile) tile trace flag: inst_trace,landing,stalls
@0 P13.9 (hwtile) tile trace flag: inst_trace,landing,stalls
@0 P14.9 (hwtile) tile trace flag: inst_trace,landing,stalls
@0 P15.9 (hwtile) tile trace flag: inst_trace,landing,stalls
@0 P16.9 (hwtile) tile trace flag: inst_trace,landing,stalls
@0 P17.9 (hwtile) tile trace flag: inst_trace,landing,stalls
@0 P18.9 (hwtile) tile trace flag: inst_trace,landing,stalls
@0 P19.9 (hwtile) tile trace flag: inst_trace,landing,stalls
@0 P20.9 (hwtile) tile trace flag: inst_trace,landing,stalls
@0 P21.9 (hwtile) tile trace flag: inst_trace,landing,stalls
@0 P22.9 (nul) tile trace flag: inst_trace,landing,stalls
@0 P0.10 (nul) tile trace flag: inst_trace,landing,stalls
@0 P1.10 (hwtile) tile trace flag: inst_trace,landing,stalls
@0 P2.10 (hwtile) tile trace flag: inst_trace,landing,stalls
@0 P3.10 (hwtile) tile trace flag: inst_trace,landing,stalls
@0 P4.10 (hwtile) tile trace flag: inst_trace,landing,stalls
@0 P5.10 (hwtile) tile trace flag: inst_trace,landing,stalls
@0 P6.10 (hwtile) tile trace flag: inst_trace,landing,stalls
@0 P7.10 (hwtile) tile trace flag: inst_trace,landing,stalls
@0 P8.10 (hwtile) tile trace flag: inst_trace,landing,stalls
@0 P9.10 (hwtile) tile trace flag: inst_trace,landing,stalls
@0 P10.10 (hwtile) tile trace flag: inst_trace,landing,stalls
@0 P11.10 (hwtile) tile trace flag: inst_trace,landing,stalls
@0 P12.10 (hwtile) tile trace flag: inst_trace,landing,stalls
@0 P13.10 (hwtile) tile trace flag: inst_trace,landing,stalls
@0 P14.10 (hwtile) tile trace flag: inst_trace,landing,stalls
@0 P15.10 (hwtile) tile trace flag: inst_trace,landing,stalls
@0 P16.10 (hwtile) tile trace flag: inst_trace,landing,stalls
@0 P17.10 (hwtile) tile trace flag: inst_trace,landing,stalls
@0 P18.10 (hwtile) tile trace flag: inst_trace,landing,stalls
@0 P19.10 (hwtile) tile trace flag: inst_trace,landing,stalls
@0 P20.10 (hwtile) tile trace flag: inst_trace,landing,stalls
@0 P21.10 (hwtile) tile trace flag: inst_trace,landing,stalls
@0 P22.10 (nul) tile trace flag: inst_trace,landing,stalls
@0 P0.11 (nul) tile trace flag: inst_trace,landing,stalls
@0 P1.11 (hwtile) tile trace flag: inst_trace,landing,stalls
@0 P2.11 (hwtile) tile trace flag: inst_trace,landing,stalls
@0 P3.11 (hwtile) tile trace flag: inst_trace,landing,stalls
@0 P4.11 (hwtile) tile trace flag: inst_trace,landing,stalls
@0 P5.11 (hwtile) tile trace flag: inst_trace,landing,stalls
@0 P6.11 (hwtile) tile trace flag: inst_trace,landing,stalls
@0 P7.11 (hwtile) tile trace flag: inst_trace,landing,stalls
@0 P8.11 (hwtile) tile trace flag: inst_trace,landing,stalls
@0 P9.11 (hwtile) tile trace flag: inst_trace,landing,stalls
@0 P10.11 (hwtile) tile trace flag: inst_trace,landing,stalls
@0 P11.11 (hwtile) tile trace flag: inst_trace,landing,stalls
@0 P12.11 (hwtile) tile trace flag: inst_trace,landing,stalls
@0 P13.11 (hwtile) tile trace flag: inst_trace,landing,stalls
@0 P14.11 (hwtile) tile trace flag: inst_trace,landing,stalls
@0 P15.11 (hwtile) tile trace flag: inst_trace,landing,stalls
@0 P16.11 (hwtile) tile trace flag: inst_trace,landing,stalls
@0 P17.11 (hwtile) tile trace flag: inst_trace,landing,stalls
@0 P18.11 (hwtile) tile trace flag: inst_trace,landing,stalls
@0 P19.11 (hwtile) tile trace flag: inst_trace,landing,stalls
@0 P20.11 (hwtile) tile trace flag: inst_trace,landing,stalls
@0 P21.11 (hwtile) tile trace flag: inst_trace,landing,stalls
@0 P22.11 (nul) tile trace flag: inst_trace,landing,stalls
@0 P0.12 (nul) tile trace flag: inst_trace,landing,stalls
@0 P1.12 (hwtile) tile trace flag: inst_trace,landing,stalls
@0 P2.12 (hwtile) tile trace flag: inst_trace,landing,stalls
@0 P3.12 (hwtile) tile trace flag: inst_trace,landing,stalls
@0 P4.12 (hwtile) tile trace flag: inst_trace,landing,stalls
@0 P5.12 (hwtile) tile trace flag: inst_trace,landing,stalls
@0 P6.12 (hwtile) tile trace flag: inst_trace,landing,stalls
@0 P7.12 (hwtile) tile trace flag: inst_trace,landing,stalls
@0 P8.12 (hwtile) tile trace flag: inst_trace,landing,stalls
@0 P9.12 (hwtile) tile trace flag: inst_trace,landing,stalls
@0 P10.12 (hwtile) tile trace flag: inst_trace,landing,stalls
@0 P11.12 (hwtile) tile trace flag: inst_trace,landing,stalls
@0 P12.12 (hwtile) tile trace flag: inst_trace,landing,stalls
@0 P13.12 (hwtile) tile trace flag: inst_trace,landing,stalls
@0 P14.12 (hwtile) tile trace flag: inst_trace,landing,stalls
@0 P15.12 (hwtile) tile trace flag: inst_trace,landing,stalls
@0 P16.12 (hwtile) tile trace flag: inst_trace,landing,stalls
@0 P17.12 (hwtile) tile trace flag: inst_trace,landing,stalls
@0 P18.12 (hwtile) tile trace flag: inst_trace,landing,stalls
@0 P19.12 (hwtile) tile trace flag: inst_trace,landing,stalls
@0 P20.12 (hwtile) tile trace flag: inst_trace,landing,stalls
@0 P21.12 (hwtile) tile trace flag: inst_trace,landing,stalls
@0 P22.12 (nul) tile trace flag: inst_trace,landing,stalls
@0 P0.13 (nul) tile trace flag: inst_trace,landing,stalls
@0 P1.13 (hwtile) tile trace flag: inst_trace,landing,stalls
@0 P2.13 (hwtile) tile trace flag: inst_trace,landing,stalls
@0 P3.13 (hwtile) tile trace flag: inst_trace,landing,stalls
@0 P4.13 (hwtile) tile trace flag: inst_trace,landing,stalls
@0 P5.13 (hwtile) tile trace flag: inst_trace,landing,stalls
@0 P6.13 (hwtile) tile trace flag: inst_trace,landing,stalls
@0 P7.13 (hwtile) tile trace flag: inst_trace,landing,stalls
@0 P8.13 (hwtile) tile trace flag: inst_trace,landing,stalls
@0 P9.13 (hwtile) tile trace flag: inst_trace,landing,stalls
@0 P10.13 (hwtile) tile trace flag: inst_trace,landing,stalls
@0 P11.13 (hwtile) tile trace flag: inst_trace,landing,stalls
@0 P12.13 (hwtile) tile trace flag: inst_trace,landing,stalls
@0 P13.13 (hwtile) tile trace flag: inst_trace,landing,stalls
@0 P14.13 (hwtile) tile trace flag: inst_trace,landing,stalls
@0 P15.13 (hwtile) tile trace flag: inst_trace,landing,stalls
@0 P16.13 (hwtile) tile trace flag: inst_trace,landing,stalls
@0 P17.13 (hwtile) tile trace flag: inst_trace,landing,stalls
@0 P18.13 (hwtile) tile trace flag: inst_trace,landing,stalls
@0 P19.13 (hwtile) tile trace flag: inst_trace,landing,stalls
@0 P20.13 (hwtile) tile trace flag: inst_trace,landing,stalls
@0 P21.13 (hwtile) tile trace flag: inst_trace,landing,stalls
@0 P22.13 (nul) tile trace flag: inst_trace,landing,stalls
@0 P0.14 (nul) tile trace flag: inst_trace,landing,stalls
@0 P1.14 (hwtile) tile trace flag: inst_trace,landing,stalls
@0 P2.14 (hwtile) tile trace flag: inst_trace,landing,stalls
@0 P3.14 (hwtile) tile trace flag: inst_trace,landing,stalls
@0 P4.14 (hwtile) tile trace flag: inst_trace,landing,stalls
@0 P5.14 (hwtile) tile trace flag: inst_trace,landing,stalls
@0 P6.14 (hwtile) tile trace flag: inst_trace,landing,stalls
@0 P7.14 (hwtile) tile trace flag: inst_trace,landing,stalls
@0 P8.14 (hwtile) tile trace flag: inst_trace,landing,stalls
@0 P9.14 (hwtile) tile trace flag: inst_trace,landing,stalls
@0 P10.14 (hwtile) tile trace flag: inst_trace,landing,stalls
@0 P11.14 (hwtile) tile trace flag: inst_trace,landing,stalls
@0 P12.14 (hwtile) tile trace flag: inst_trace,landing,stalls
@0 P13.14 (hwtile) tile trace flag: inst_trace,landing,stalls
@0 P14.14 (hwtile) tile trace flag: inst_trace,landing,stalls
@0 P15.14 (hwtile) tile trace flag: inst_trace,landing,stalls
@0 P16.14 (hwtile) tile trace flag: inst_trace,landing,stalls
@0 P17.14 (hwtile) tile trace flag: inst_trace,landing,stalls
@0 P18.14 (hwtile) tile trace flag: inst_trace,landing,stalls
@0 P19.14 (hwtile) tile trace flag: inst_trace,landing,stalls
@0 P20.14 (hwtile) tile trace flag: inst_trace,landing,stalls
@0 P21.14 (hwtile) tile trace flag: inst_trace,landing,stalls
@0 P22.14 (nul) tile trace flag: inst_trace,landing,stalls
@0 P0.15 (nul) tile trace flag: inst_trace,landing,stalls
@0 P1.15 (hwtile) tile trace flag: inst_trace,landing,stalls
@0 P2.15 (hwtile) tile trace flag: inst_trace,landing,stalls
@0 P3.15 (hwtile) tile trace flag: inst_trace,landing,stalls
@0 P4.15 (hwtile) tile trace flag: inst_trace,landing,stalls
@0 P5.15 (hwtile) tile trace flag: inst_trace,landing,stalls
@0 P6.15 (hwtile) tile trace flag: inst_trace,landing,stalls
@0 P7.15 (hwtile) tile trace flag: inst_trace,landing,stalls
@0 P8.15 (hwtile) tile trace flag: inst_trace,landing,stalls
@0 P9.15 (hwtile) tile trace flag: inst_trace,landing,stalls
@0 P10.15 (hwtile) tile trace flag: inst_trace,landing,stalls
@0 P11.15 (hwtile) tile trace flag: inst_trace,landing,stalls
@0 P12.15 (hwtile) tile trace flag: inst_trace,landing,stalls
@0 P13.15 (hwtile) tile trace flag: inst_trace,landing,stalls
@0 P14.15 (hwtile) tile trace flag: inst_trace,landing,stalls
@0 P15.15 (hwtile) tile trace flag: inst_trace,landing,stalls
@0 P16.15 (hwtile) tile trace flag: inst_trace,landing,stalls
@0 P17.15 (hwtile) tile trace flag: inst_trace,landing,stalls
@0 P18.15 (hwtile) tile trace flag: inst_trace,landing,stalls
@0 P19.15 (hwtile) tile trace flag: inst_trace,landing,stalls
@0 P20.15 (hwtile) tile trace flag: inst_trace,landing,stalls
@0 P21.15 (hwtile) tile trace flag: inst_trace,landing,stalls
@0 P22.15 (hwtile) tile trace flag: inst_trace,landing,stalls
@0 P0.16 (hwtile) tile trace flag: inst_trace,landing,stalls
@0 P1.16 (hwtile) tile trace flag: inst_trace,landing,stalls
@0 P2.16 (hwtile) tile trace flag: inst_trace,landing,stalls
@0 P3.16 (hwtile) tile trace flag: inst_trace,landing,stalls
@0 P4.16 (hwtile) tile trace flag: inst_trace,landing,stalls
@0 P5.16 (hwtile) tile trace flag: inst_trace,landing,stalls
@0 P6.16 (hwtile) tile trace flag: inst_trace,landing,stalls
@0 P7.16 (hwtile) tile trace flag: inst_trace,landing,stalls
@0 P8.16 (hwtile) tile trace flag: inst_trace,landing,stalls
@0 P9.16 (hwtile) tile trace flag: inst_trace,landing,stalls
@0 P10.16 (hwtile) tile trace flag: inst_trace,landing,stalls
@0 P11.16 (hwtile) tile trace flag: inst_trace,landing,stalls
@0 P12.16 (hwtile) tile trace flag: inst_trace,landing,stalls
@0 P13.16 (hwtile) tile trace flag: inst_trace,landing,stalls
@0 P14.16 (hwtile) tile trace flag: inst_trace,landing,stalls
@0 P15.16 (hwtile) tile trace flag: inst_trace,landing,stalls
@0 P16.16 (hwtile) tile trace flag: inst_trace,landing,stalls
@0 P17.16 (hwtile) tile trace flag: inst_trace,landing,stalls
@0 P18.16 (hwtile) tile trace flag: inst_trace,landing,stalls
@0 P19.16 (hwtile) tile trace flag: inst_trace,landing,stalls
@0 P20.16 (hwtile) tile trace flag: inst_trace,landing,stalls
@0 P21.16 (hwtile) tile trace flag: inst_trace,landing,stalls
@0 P22.16 (hwtile) tile trace flag: inst_trace,landing,stalls
@0 P0.17 (nul) tile trace flag: inst_trace,landing,stalls
@0 P1.17 (nul) tile trace flag: inst_trace,landing,stalls
@0 P2.17 (nul) tile trace flag: inst_trace,landing,stalls
@0 P3.17 (nul) tile trace flag: inst_trace,landing,stalls
@0 P4.17 (nul) tile trace flag: inst_trace,landing,stalls
@0 P5.17 (nul) tile trace flag: inst_trace,landing,stalls
@0 P6.17 (nul) tile trace flag: inst_trace,landing,stalls
@0 P7.17 (nul) tile trace flag: inst_trace,landing,stalls
@0 P8.17 (nul) tile trace flag: inst_trace,landing,stalls
@0 P9.17 (nul) tile trace flag: inst_trace,landing,stalls
@0 P10.17 (nul) tile trace flag: inst_trace,landing,stalls
@0 P11.17 (nul) tile trace flag: inst_trace,landing,stalls
@0 P12.17 (nul) tile trace flag: inst_trace,landing,stalls
@0 P13.17 (nul) tile trace flag: inst_trace,landing,stalls
@0 P14.17 (nul) tile trace flag: inst_trace,landing,stalls
@0 P15.17 (nul) tile trace flag: inst_trace,landing,stalls
@0 P16.17 (nul) tile trace flag: inst_trace,landing,stalls
@0 P17.17 (nul) tile trace flag: inst_trace,landing,stalls
@0 P18.17 (nul) tile trace flag: inst_trace,landing,stalls
@0 P19.17 (nul) tile trace flag: inst_trace,landing,stalls
@0 P20.17 (nul) tile trace flag: inst_trace,landing,stalls
@0 P21.17 (nul) tile trace flag: inst_trace,landing,stalls
@0 P22.17 (nul) tile trace flag: inst_trace,landing,stalls
@0 LW0 (nul) tile trace flag: inst_trace,landing,stalls
@0 LW1 (iotile) tile trace flag: inst_trace,landing,stalls
@0 LW2 (nul) tile trace flag: inst_trace,landing,stalls
@0 LW3 (nul) tile trace flag: inst_trace,landing,stalls
@0 LW4 (nul) tile trace flag: inst_trace,landing,stalls
@0 LW5 (nul) tile trace flag: inst_trace,landing,stalls
@0 LW6 (nul) tile trace flag: inst_trace,landing,stalls
@0 LW7 (nul) tile trace flag: inst_trace,landing,stalls
@0 LW8 (nul) tile trace flag: inst_trace,landing,stalls
@0 LW9 (nul) tile trace flag: inst_trace,landing,stalls
@0 LW10 (nul) tile trace flag: inst_trace,landing,stalls
@0 LW11 (nul) tile trace flag: inst_trace,landing,stalls
@0 LW12 (nul) tile trace flag: inst_trace,landing,stalls
@0 LW13 (nul) tile trace flag: inst_trace,landing,stalls
@0 LW14 (nul) tile trace flag: inst_trace,landing,stalls
@0 LW15 (nul) tile trace flag: inst_trace,landing,stalls
@0 LW16 (iotile) tile trace flag: inst_trace,landing,stalls
@0 LW17 (nul) tile trace flag: inst_trace,landing,stalls
@0 LE0 (nul) tile trace flag: inst_trace,landing,stalls
@0 LE1 (nul) tile trace flag: inst_trace,landing,stalls
@0 LE2 (nul) tile trace flag: inst_trace,landing,stalls
@0 LE3 (nul) tile trace flag: inst_trace,landing,stalls
@0 LE4 (nul) tile trace flag: inst_trace,landing,stalls
@0 LE5 (nul) tile trace flag: inst_trace,landing,stalls
@0 LE6 (nul) tile trace flag: inst_trace,landing,stalls
@0 LE7 (nul) tile trace flag: inst_trace,landing,stalls
@0 LE8 (nul) tile trace flag: inst_trace,landing,stalls
@0 LE9 (nul) tile trace flag: inst_trace,landing,stalls
@0 LE10 (nul) tile trace flag: inst_trace,landing,stalls
@0 LE11 (nul) tile trace flag: inst_trace,landing,stalls
@0 LE12 (nul) tile trace flag: inst_trace,landing,stalls
@0 LE13 (nul) tile trace flag: inst_trace,landing,stalls
@0 LE14 (nul) tile trace flag: inst_trace,landing,stalls
@0 LE15 (iotile) tile trace flag: inst_trace,landing,stalls
@0 LE16 (iotile) tile trace flag: inst_trace,landing,stalls
@0 LE17 (nul) tile trace flag: inst_trace,landing,stalls
@0 LN0 (nul) tile trace flag: inst_trace,landing,stalls
@0 LN1 (nul) tile trace flag: inst_trace,landing,stalls
@0 LN2 (nul) tile trace flag: inst_trace,landing,stalls
@0 LN3 (nul) tile trace flag: inst_trace,landing,stalls
@0 LN4 (nul) tile trace flag: inst_trace,landing,stalls
@0 LN5 (nul) tile trace flag: inst_trace,landing,stalls
@0 LN6 (nul) tile trace flag: inst_trace,landing,stalls
@0 LN7 (nul) tile trace flag: inst_trace,landing,stalls
@0 LN8 (nul) tile trace flag: inst_trace,landing,stalls
@0 LN9 (nul) tile trace flag: inst_trace,landing,stalls
@0 LN10 (nul) tile trace flag: inst_trace,landing,stalls
@0 LN11 (nul) tile trace flag: inst_trace,landing,stalls
@0 LN12 (nul) tile trace flag: inst_trace,landing,stalls
@0 LN13 (nul) tile trace flag: inst_trace,landing,stalls
@0 LN14 (nul) tile trace flag: inst_trace,landing,stalls
@0 LN15 (nul) tile trace flag: inst_trace,landing,stalls
@0 LN16 (nul) tile trace flag: inst_trace,landing,stalls
@0 LN17 (nul) tile trace flag: inst_trace,landing,stalls
@0 LN18 (nul) tile trace flag: inst_trace,landing,stalls
@0 LN19 (nul) tile trace flag: inst_trace,landing,stalls
@0 LN20 (nul) tile trace flag: inst_trace,landing,stalls
@0 LN21 (nul) tile trace flag: inst_trace,landing,stalls
@0 LN22 (nul) tile trace flag: inst_trace,landing,stalls
@0 LS0 (nul) tile trace flag: inst_trace,landing,stalls
@0 LS1 (nul) tile trace flag: inst_trace,landing,stalls
@0 LS2 (nul) tile trace flag: inst_trace,landing,stalls
@0 LS3 (nul) tile trace flag: inst_trace,landing,stalls
@0 LS4 (nul) tile trace flag: inst_trace,landing,stalls
@0 LS5 (nul) tile trace flag: inst_trace,landing,stalls
@0 LS6 (nul) tile trace flag: inst_trace,landing,stalls
@0 LS7 (nul) tile trace flag: inst_trace,landing,stalls
@0 LS8 (nul) tile trace flag: inst_trace,landing,stalls
@0 LS9 (nul) tile trace flag: inst_trace,landing,stalls
@0 LS10 (nul) tile trace flag: inst_trace,landing,stalls
@0 LS11 (nul) tile trace flag: inst_trace,landing,stalls
@0 LS12 (nul) tile trace flag: inst_trace,landing,stalls
@0 LS13 (nul) tile trace flag: inst_trace,landing,stalls
@0 LS14 (nul) tile trace flag: inst_trace,landing,stalls
@0 LS15 (nul) tile trace flag: inst_trace,landing,stalls
@0 LS16 (nul) tile trace flag: inst_trace,landing,stalls
@0 LS17 (nul) tile trace flag: inst_trace,landing,stalls
@0 LS18 (nul) tile trace flag: inst_trace,landing,stalls
@0 LS19 (nul) tile trace flag: inst_trace,landing,stalls
@0 LS20 (nul) tile trace flag: inst_trace,landing,stalls
@0 LS21 (nul) tile trace flag: inst_trace,landing,stalls
@0 LS22 (nul) tile trace flag: inst_trace,landing,stalls
@0 Architecture is: SDR
@0 Simtile is: hwtile
@0 Sim stats: config-time=0.27, nodes=1, threads=64
@0 Sim stats: tiles=496, simulated_tiles=344, hwtile=340, iotile=4, nultile=152
@189043 Request to asynchronously stop simulation
@189045 Stopping due to user request
@189045 2868 cycles since an instruction was executed, 2928 cycles since a wavelet landed
@189045 Simulation used 91.32 seconds, init-time=1.42, total-time=92.74, cycles=189045, cyc/sec=2070.19, tile-cyc/sec=712144.91, tile-cyc/sec-thread=11127.26
@189045 CTF Stats: num_stalls_       =            0
@189045 CTF Stats: num_wavelets      =      6277410
@189045 CTF Stats: num_inst_dispatch =      7829241
@189045 CTF Stats: num_inst_pipe     =     25184104
@189045 CTF Stats: num_switch_pos    =            0
